Compiling the C compiler identification source file "CMakeCCompilerId.c" failed.
Compiler:  
Build flags: 
Id flags: 

The output was:
1
Microsoft (R) Build Engine version 14.0.25420.1
Copyright (C) Microsoft Corporation. All rights reserved.

Build started 12/25/2016 9:27:04 AM.
Project "C:\Users\jpbar\Documents\GitHub\curlpp\CMakeFiles\3.7.1\CompilerIdC\CompilerIdC.vcxproj" on node 1 (default targets).
C:\Users\jpbar\Documents\GitHub\curlpp\CMakeFiles\3.7.1\CompilerIdC\CompilerIdC.vcxproj(18,3): error MSB4019: The imported project "C:\Microsoft.Cpp.Default.props" was not found. Confirm that the path in the <Import> declaration is correct, and that the file exists on disk.
Done Building Project "C:\Users\jpbar\Documents\GitHub\curlpp\CMakeFiles\3.7.1\CompilerIdC\CompilerIdC.vcxproj" (default targets) -- FAILED.

Build FAILED.

"C:\Users\jpbar\Documents\GitHub\curlpp\CMakeFiles\3.7.1\CompilerIdC\CompilerIdC.vcxproj" (default target) (1) ->
  C:\Users\jpbar\Documents\GitHub\curlpp\CMakeFiles\3.7.1\CompilerIdC\CompilerIdC.vcxproj(18,3): error MSB4019: The imported project "C:\Microsoft.Cpp.Default.props" was not found. Confirm that the path in the <Import> declaration is correct, and that the file exists on disk.

    0 Warning(s)
    1 Error(s)

Time Elapsed 00:00:00.61


Compiling the CXX compiler identification source file "CMakeCXXCompilerId.cpp" failed.
Compiler:  
Build flags: 
Id flags: 

The output was:
1
Microsoft (R) Build Engine version 14.0.25420.1
Copyright (C) Microsoft Corporation. All rights reserved.

Build started 12/25/2016 9:27:05 AM.
Project "C:\Users\jpbar\Documents\GitHub\curlpp\CMakeFiles\3.7.1\CompilerIdCXX\CompilerIdCXX.vcxproj" on node 1 (default targets).
C:\Users\jpbar\Documents\GitHub\curlpp\CMakeFiles\3.7.1\CompilerIdCXX\CompilerIdCXX.vcxproj(18,3): error MSB4019: The imported project "C:\Microsoft.Cpp.Default.props" was not found. Confirm that the path in the <Import> declaration is correct, and that the file exists on disk.
Done Building Project "C:\Users\jpbar\Documents\GitHub\curlpp\CMakeFiles\3.7.1\CompilerIdCXX\CompilerIdCXX.vcxproj" (default targets) -- FAILED.

Build FAILED.

"C:\Users\jpbar\Documents\GitHub\curlpp\CMakeFiles\3.7.1\CompilerIdCXX\CompilerIdCXX.vcxproj" (default target) (1) ->
  C:\Users\jpbar\Documents\GitHub\curlpp\CMakeFiles\3.7.1\CompilerIdCXX\CompilerIdCXX.vcxproj(18,3): error MSB4019: The imported project "C:\Microsoft.Cpp.Default.props" was not found. Confirm that the path in the <Import> declaration is correct, and that the file exists on disk.

    0 Warning(s)
    1 Error(s)

Time Elapsed 00:00:00.64


